\BOOKMARK [1][-]{section.1}{INTRODUCTION}{}% 1
\BOOKMARK [2][-]{subsection.1.1}{Research Questions}{section.1}% 2
\BOOKMARK [1][-]{section.2}{DATA SOURCE AND METHODOLOGY}{}% 3
\BOOKMARK [2][-]{subsection.2.1}{Data}{section.2}% 4
\BOOKMARK [2][-]{subsection.2.2}{Background}{section.2}% 5
\BOOKMARK [3][-]{subsubsection.2.2.1}{Language Model}{subsection.2.2}% 6
\BOOKMARK [3][-]{subsubsection.2.2.2}{N-Gram Language Model}{subsection.2.2}% 7
\BOOKMARK [3][-]{subsubsection.2.2.3}{Cross Entropy}{subsection.2.2}% 8
\BOOKMARK [3][-]{subsubsection.2.2.4}{Perplexity}{subsection.2.2}% 9
\BOOKMARK [2][-]{subsection.2.3}{Methodology}{section.2}% 10
\BOOKMARK [3][-]{subsubsection.2.3.1}{Data Extraction}{subsection.2.3}% 11
\BOOKMARK [3][-]{subsubsection.2.3.2}{Data Preprocessing}{subsection.2.3}% 12
\BOOKMARK [3][-]{subsubsection.2.3.3}{Perplexity Calculation}{subsection.2.3}% 13
\BOOKMARK [1][-]{section.3}{Real Refactoring}{}% 14
\BOOKMARK [2][-]{subsection.3.1}{Finding}{section.3}% 15
\BOOKMARK [2][-]{subsection.3.2}{Discussion}{section.3}% 16
\BOOKMARK [1][-]{section.4}{Automated Refactoring}{}% 17
\BOOKMARK [2][-]{subsection.4.1}{Finding}{section.4}% 18
\BOOKMARK [2][-]{subsection.4.2}{Discussion}{section.4}% 19
\BOOKMARK [1][-]{section.5}{Different types of Refactoring and Cross-entropy of source code}{}% 20
\BOOKMARK [2][-]{subsection.5.1}{Findings}{section.5}% 21
\BOOKMARK [2][-]{subsection.5.2}{Discussion}{section.5}% 22
\BOOKMARK [1][-]{section.6}{Conclusion}{}% 23
\BOOKMARK [1][-]{section*.1}{References}{}% 24
